<?xml version="1.0" encoding="UTF-8"?>
<!-- Generated by org.testng.reporters.JUnitXMLReporter -->
<testsuite ignored="0" hostname="Harsh-PC" failures="4" tests="5" name="Default test" time="37.347" errors="0" timestamp="2025-09-01T02:00:32 PDT">
  <testcase classname="io.cucumber.testng.AbstractTestNGCucumberTests" name="runScenario" time="15.246">
    <failure type="junit.framework.ComparisonFailure" message="expected:&amp;lt;...on Exercise - Signup[]&amp;gt; but was:&amp;lt;...on Exercise - Signup[ / Login]&amp;gt;">
      <![CDATA[junit.framework.ComparisonFailure: expected:<...on Exercise - Signup[]> but was:<...on Exercise - Signup[ / Login]>
at junit.framework.Assert.assertEquals(Assert.java:100)
at junit.framework.Assert.assertEquals(Assert.java:107)
at stepDefinitions.registerStepDef.user_should_be_on_the_signup_page(registerStepDef.java:67)
at ✽.User should be on the Signup page(file:///C:/Users/Harsh/eclipse-workspace/BDDFramework/src/test/resources/features/a_register.feature:9)
]]>
    </failure>
  </testcase> <!-- runScenario -->
  <testcase classname="io.cucumber.testng.AbstractTestNGCucumberTests" name="runScenario" time="6.646"/>
  <testcase classname="io.cucumber.testng.AbstractTestNGCucumberTests" name="runScenario" time="3.741">
    <failure type="junit.framework.ComparisonFailure" message="expected:&amp;lt;Automation Exercise[]&amp;gt; but was:&amp;lt;Automation Exercise[ - Signup / Login]&amp;gt;">
      <![CDATA[junit.framework.ComparisonFailure: expected:<Automation Exercise[]> but was:<Automation Exercise[ - Signup / Login]>
at junit.framework.Assert.assertEquals(Assert.java:100)
at junit.framework.Assert.assertEquals(Assert.java:107)
at stepDefinitions.loginStepDef.user_should_be_navigated_to_the_home_page(loginStepDef.java:52)
at ✽.User should be navigated to the homePage(file:///C:/Users/Harsh/eclipse-workspace/BDDFramework/src/test/resources/features/login.feature:19)
]]>
    </failure>
  </testcase> <!-- runScenario -->
  <testcase classname="io.cucumber.testng.AbstractTestNGCucumberTests" name="runScenario" time="4.337">
    <failure type="junit.framework.ComparisonFailure" message="expected:&amp;lt;Automation Exercise[]&amp;gt; but was:&amp;lt;Automation Exercise[ - Signup / Login]&amp;gt;">
      <![CDATA[junit.framework.ComparisonFailure: expected:<Automation Exercise[]> but was:<Automation Exercise[ - Signup / Login]>
at junit.framework.Assert.assertEquals(Assert.java:100)
at junit.framework.Assert.assertEquals(Assert.java:107)
at stepDefinitions.loginStepDef.user_should_be_navigated_to_the_home_page(loginStepDef.java:52)
at ✽.User should be navigated to the homePage(file:///C:/Users/Harsh/eclipse-workspace/BDDFramework/src/test/resources/features/logout_delete.feature:8)
]]>
    </failure>
  </testcase> <!-- runScenario -->
  <testcase classname="io.cucumber.testng.AbstractTestNGCucumberTests" name="runScenario" time="4.529">
    <failure type="junit.framework.ComparisonFailure" message="expected:&amp;lt;Automation Exercise[]&amp;gt; but was:&amp;lt;Automation Exercise[ - Signup / Login]&amp;gt;">
      <![CDATA[junit.framework.ComparisonFailure: expected:<Automation Exercise[]> but was:<Automation Exercise[ - Signup / Login]>
at junit.framework.Assert.assertEquals(Assert.java:100)
at junit.framework.Assert.assertEquals(Assert.java:107)
at stepDefinitions.loginStepDef.user_should_be_navigated_to_the_home_page(loginStepDef.java:52)
at ✽.User should be navigated to the homePage(file:///C:/Users/Harsh/eclipse-workspace/BDDFramework/src/test/resources/features/logout_delete.feature:8)
]]>
    </failure>
  </testcase> <!-- runScenario -->
</testsuite> <!-- Default test -->
