<?xml version="1.0" encoding="UTF-8"?>
<!-- Generated by org.testng.reporters.JUnitReportReporter -->
<testsuite hostname="Harsh-PC" failures="4" tests="5" name="runners.RunnerClass" time="34.499" errors="0" timestamp="2025-09-01T02:00:33 PDT" skipped="0">
  <testcase classname="runners.RunnerClass" name="runScenario" time="4.337">
    <failure message="expected:&lt;Automation Exercise[]&gt; but was:&lt;Automation Exercise[ - Signup / Login]&gt;" type="junit.framework.ComparisonFailure">
      <![CDATA[junit.framework.ComparisonFailure: expected:<Automation Exercise[]> but was:<Automation Exercise[ - Signup / Login]>
at junit.framework.Assert.assertEquals(Assert.java:100)
at junit.framework.Assert.assertEquals(Assert.java:107)
at stepDefinitions.loginStepDef.user_should_be_navigated_to_the_home_page(loginStepDef.java:52)
at ✽.User should be navigated to the homePage(file:///C:/Users/Harsh/eclipse-workspace/BDDFramework/src/test/resources/features/logout_delete.feature:8)
]]>
    </failure>
  </testcase> <!-- runScenario -->
  <testcase classname="runners.RunnerClass" name="runScenario" time="6.646"/>
  <testcase classname="runners.RunnerClass" name="runScenario" time="4.529">
    <failure message="expected:&lt;Automation Exercise[]&gt; but was:&lt;Automation Exercise[ - Signup / Login]&gt;" type="junit.framework.ComparisonFailure">
      <![CDATA[junit.framework.ComparisonFailure: expected:<Automation Exercise[]> but was:<Automation Exercise[ - Signup / Login]>
at junit.framework.Assert.assertEquals(Assert.java:100)
at junit.framework.Assert.assertEquals(Assert.java:107)
at stepDefinitions.loginStepDef.user_should_be_navigated_to_the_home_page(loginStepDef.java:52)
at ✽.User should be navigated to the homePage(file:///C:/Users/Harsh/eclipse-workspace/BDDFramework/src/test/resources/features/logout_delete.feature:8)
]]>
    </failure>
  </testcase> <!-- runScenario -->
  <testcase classname="runners.RunnerClass" name="runScenario" time="3.741">
    <failure message="expected:&lt;Automation Exercise[]&gt; but was:&lt;Automation Exercise[ - Signup / Login]&gt;" type="junit.framework.ComparisonFailure">
      <![CDATA[junit.framework.ComparisonFailure: expected:<Automation Exercise[]> but was:<Automation Exercise[ - Signup / Login]>
at junit.framework.Assert.assertEquals(Assert.java:100)
at junit.framework.Assert.assertEquals(Assert.java:107)
at stepDefinitions.loginStepDef.user_should_be_navigated_to_the_home_page(loginStepDef.java:52)
at ✽.User should be navigated to the homePage(file:///C:/Users/Harsh/eclipse-workspace/BDDFramework/src/test/resources/features/login.feature:19)
]]>
    </failure>
  </testcase> <!-- runScenario -->
  <testcase classname="runners.RunnerClass" name="runScenario" time="15.246">
    <failure message="expected:&lt;...on Exercise - Signup[]&gt; but was:&lt;...on Exercise - Signup[ / Login]&gt;" type="junit.framework.ComparisonFailure">
      <![CDATA[junit.framework.ComparisonFailure: expected:<...on Exercise - Signup[]> but was:<...on Exercise - Signup[ / Login]>
at junit.framework.Assert.assertEquals(Assert.java:100)
at junit.framework.Assert.assertEquals(Assert.java:107)
at stepDefinitions.registerStepDef.user_should_be_on_the_signup_page(registerStepDef.java:67)
at ✽.User should be on the Signup page(file:///C:/Users/Harsh/eclipse-workspace/BDDFramework/src/test/resources/features/a_register.feature:9)
]]>
    </failure>
  </testcase> <!-- runScenario -->
</testsuite> <!-- runners.RunnerClass -->
